<?xml version="1.0" encoding="UTF-8"?>
<!-- Generated by org.testng.reporters.JUnitReportReporter -->
<testsuite hostname="DESKTOP-IC15KUK" failures="0" tests="1" name="GoogleTest" time="2.749" errors="0" timestamp="2024-06-04T21:56:03 EEST" skipped="0">
  <testcase classname="GoogleTest" name="testGoogleSearch" time="2.749"/>
</testsuite> <!-- GoogleTest -->
