<?xml version="1.0" encoding="UTF-8"?>
<!-- Generated by org.testng.reporters.JUnitReportReporter -->
<testsuite hostname="DESKTOP-IC15KUK" failures="0" tests="1" name="GoogleTest" time="1.394" errors="0" timestamp="2024-06-11T23:11:58 EEST" skipped="0">
  <testcase classname="GoogleTest" name="testGoogleSearch" time="1.394"/>
</testsuite> <!-- GoogleTest -->
